<?xml version="1.0" encoding="UTF-8"?>
<!-- Generated by org.testng.reporters.JUnitReportReporter -->
<testsuite hostname="DESKTOP-0JNAIIR" failures="0" tests="1" name="demo.Demo" time="0.015" errors="0" timestamp="2025-10-28T11:30:25 IST" skipped="0">
  <testcase classname="demo.Demo" name="prac" time="0.015"/>
</testsuite> <!-- demo.Demo -->
