<?xml version="1.0" encoding="UTF-8"?>
<!-- Generated by org.testng.reporters.JUnitReportReporter -->
<testsuite hostname="DESKTOP-0JNAIIR" failures="0" tests="1" name="demo.PracticingGit" time="0.015" errors="0" timestamp="2025-10-29T11:29:00 IST" skipped="0">
  <testcase classname="demo.PracticingGit" name="m2" time="0.015"/>
</testsuite> <!-- demo.PracticingGit -->
